<?xml version="1.0" encoding="UTF-8"?>
<Site BuildName="Linux-c++"
	BuildStamp="20250214-1848-Experimental"
	Name="raspberrypi"
	Generator="ctest-3.25.1"
	CompilerName="/usr/bin/c++"
	CompilerVersion="12.2.0"
	OSName="Linux"
	Hostname="raspberrypi"
	OSRelease="6.6.74+rpt-rpi-2712"
	OSVersion="#1 SMP PREEMPT Debian 1:6.6.74-1+rpt1 (2025-01-27)"
	OSPlatform="aarch64"
	Is64Bits="1"
	VendorString=""
	VendorID="Unknown Manufacturer"
	FamilyID="8"
	ModelID="0"
	ProcessorCacheSize="0"
	NumberOfLogicalCPU="4"
	NumberOfPhysicalCPU="1"
	TotalVirtualMemory="511"
	TotalPhysicalMemory="8052"
	LogicalProcessorsPerPhysical="4"
	ProcessorClockFrequency="0"
	>
	<Testing>
		<StartDateTime>Feb 15 00:00 EET</StartDateTime>
		<StartTestTime>1739570419</StartTestTime>
		<TestList/>
		<EndDateTime>Feb 15 00:00 EET</EndDateTime>
		<EndTestTime>1739570419</EndTestTime>
		<ElapsedMinutes>0</ElapsedMinutes>
	</Testing>
</Site>
